{
  "stats": {
    "suites": 0,
    "tests": 1,
    "passes": 1,
    "pending": 0,
    "failures": 0,
    "start": "2021-11-29T00:26:13.450Z",
    "end": "2021-11-29T00:26:27.316Z",
    "duration": 13866,
    "testsRegistered": 1,
    "passPercent": 100,
    "pendingPercent": 0,
    "other": 0,
    "hasOther": false,
    "skipped": 0,
    "hasSkipped": false
  },
  "results": [
    {
      "uuid": "558f9a66-2c13-44a9-9c7b-2de32ab5172b",
      "title": "",
      "fullFile": "cypress/integration/Page_object_model.ts",
      "file": "cypress/integration/Page_object_model.ts",
      "beforeHooks": [],
      "afterHooks": [],
      "tests": [
        {
          "title": "login test",
          "fullTitle": "login test",
          "timedOut": null,
          "duration": 13680,
          "state": "passed",
          "speed": "slow",
          "pass": true,
          "fail": false,
          "pending": false,
          "context": null,
          "code": "LoginPage.navigate();\nLoginPage.enterUsername('test');\nLoginPage.enterPassword('test');",
          "err": {},
          "uuid": "b26c66a8-8dd7-42f8-89ac-e00c818b9bb7",
          "parentUUID": "558f9a66-2c13-44a9-9c7b-2de32ab5172b",
          "isHook": false,
          "skipped": false
        }
      ],
      "suites": [],
      "passes": [
        "b26c66a8-8dd7-42f8-89ac-e00c818b9bb7"
      ],
      "failures": [],
      "pending": [],
      "skipped": [],
      "duration": 13680,
      "root": true,
      "rootEmpty": false,
      "_timeout": 2000
    }
  ],
  "meta": {
    "mocha": {
      "version": "7.0.1"
    },
    "mochawesome": {
      "options": {
        "quiet": false,
        "reportFilename": "mochawesome",
        "saveHtml": false,
        "saveJson": true,
        "consoleReporter": "spec",
        "useInlineDiffs": false,
        "code": true
      },
      "version": "7.0.1"
    },
    "marge": {
      "options": {
        "charts": true,
        "overwrite": false,
        "html": false,
        "json": true,
        "reportDir": "cypress/report/mochawesome-report"
      },
      "version": "6.0.1"
    }
  }
}