{
  "stats": {
    "suites": 0,
    "tests": 1,
    "passes": 1,
    "pending": 0,
    "failures": 0,
    "start": "2021-11-29T04:19:26.637Z",
    "end": "2021-11-29T04:19:41.145Z",
    "duration": 14508,
    "testsRegistered": 1,
    "passPercent": 100,
    "pendingPercent": 0,
    "other": 0,
    "hasOther": false,
    "skipped": 0,
    "hasSkipped": false
  },
  "results": [
    {
      "uuid": "6d2a2ba6-149c-41df-a15a-18d99017f0c7",
      "title": "",
      "fullFile": "cypress/integration/orang_hrm.js",
      "file": "cypress/integration/orang_hrm.js",
      "beforeHooks": [],
      "afterHooks": [],
      "tests": [
        {
          "title": "LoginTests",
          "fullTitle": "LoginTests",
          "timedOut": null,
          "duration": 11541,
          "state": "passed",
          "speed": "slow",
          "pass": true,
          "fail": false,
          "pending": false,
          "context": null,
          "code": "cy.visit('https://opensource-demo.orangehrmlive.com/');\ncy.get('#divUsername > .form-hint').type('Admin');\ncy.get('#txtPassword').type('admin123');\ncy.get('#btnLogin').click();\ncy.get('#menu_admin_viewAdminModule > b').click();\ncy.get('#menu_admin_viewAdminModule > b').click();\ncy.get('#btnAdd').click(); //cy.get('#systemUser_userType').find('#')",
          "err": {},
          "uuid": "125a89b6-efb8-4c73-a31d-2095a548c129",
          "parentUUID": "6d2a2ba6-149c-41df-a15a-18d99017f0c7",
          "isHook": false,
          "skipped": false
        }
      ],
      "suites": [],
      "passes": [
        "125a89b6-efb8-4c73-a31d-2095a548c129"
      ],
      "failures": [],
      "pending": [],
      "skipped": [],
      "duration": 11541,
      "root": true,
      "rootEmpty": false,
      "_timeout": 2000
    }
  ],
  "meta": {
    "mocha": {
      "version": "7.0.1"
    },
    "mochawesome": {
      "options": {
        "quiet": false,
        "reportFilename": "mochawesome",
        "saveHtml": false,
        "saveJson": true,
        "consoleReporter": "spec",
        "useInlineDiffs": false,
        "code": true
      },
      "version": "7.0.1"
    },
    "marge": {
      "options": {
        "charts": true,
        "overwrite": false,
        "html": false,
        "json": true,
        "reportDir": "cypress/report/mochawesome-report"
      },
      "version": "6.0.1"
    }
  }
}