{
  "stats": {
    "suites": 0,
    "tests": 1,
    "passes": 1,
    "pending": 0,
    "failures": 0,
    "start": "2021-11-29T04:19:46.455Z",
    "end": "2021-11-29T04:19:59.572Z",
    "duration": 13117,
    "testsRegistered": 1,
    "passPercent": 100,
    "pendingPercent": 0,
    "other": 0,
    "hasOther": false,
    "skipped": 0,
    "hasSkipped": false
  },
  "results": [
    {
      "uuid": "0894734b-1654-4ddc-aad6-88a0bf5d027c",
      "title": "",
      "fullFile": "cypress/integration/Page_object_model.ts",
      "file": "cypress/integration/Page_object_model.ts",
      "beforeHooks": [],
      "afterHooks": [],
      "tests": [
        {
          "title": "login test",
          "fullTitle": "login test",
          "timedOut": null,
          "duration": 12832,
          "state": "passed",
          "speed": "slow",
          "pass": true,
          "fail": false,
          "pending": false,
          "context": null,
          "code": "LoginPage.navigate();\nLoginPage.enterUsername('test');\nLoginPage.enterPassword('test');",
          "err": {},
          "uuid": "f0032fb7-0a84-43db-8f71-7124119c9ae3",
          "parentUUID": "0894734b-1654-4ddc-aad6-88a0bf5d027c",
          "isHook": false,
          "skipped": false
        }
      ],
      "suites": [],
      "passes": [
        "f0032fb7-0a84-43db-8f71-7124119c9ae3"
      ],
      "failures": [],
      "pending": [],
      "skipped": [],
      "duration": 12832,
      "root": true,
      "rootEmpty": false,
      "_timeout": 2000
    }
  ],
  "meta": {
    "mocha": {
      "version": "7.0.1"
    },
    "mochawesome": {
      "options": {
        "quiet": false,
        "reportFilename": "mochawesome",
        "saveHtml": false,
        "saveJson": true,
        "consoleReporter": "spec",
        "useInlineDiffs": false,
        "code": true
      },
      "version": "7.0.1"
    },
    "marge": {
      "options": {
        "charts": true,
        "overwrite": false,
        "html": false,
        "json": true,
        "reportDir": "cypress/report/mochawesome-report"
      },
      "version": "6.0.1"
    }
  }
}