{
  "stats": {
    "suites": 0,
    "tests": 1,
    "passes": 1,
    "pending": 0,
    "failures": 0,
    "start": "2021-11-29T00:25:11.182Z",
    "end": "2021-11-29T00:25:23.327Z",
    "duration": 12145,
    "testsRegistered": 1,
    "passPercent": 100,
    "pendingPercent": 0,
    "other": 0,
    "hasOther": false,
    "skipped": 0,
    "hasSkipped": false
  },
  "results": [
    {
      "uuid": "fd6e07e0-6901-4c4d-8892-f92b419127dc",
      "title": "",
      "fullFile": "cypress/integration/First_File.ts",
      "file": "cypress/integration/First_File.ts",
      "beforeHooks": [],
      "afterHooks": [],
      "tests": [
        {
          "title": "google test",
          "fullTitle": "google test",
          "timedOut": null,
          "duration": 12022,
          "state": "passed",
          "speed": "slow",
          "pass": true,
          "fail": false,
          "pending": false,
          "context": null,
          "code": "cy.visit('https://www.google.com/');\ncy.get('[name=\"q\"]')\n    .type('Automation Step by Step {enter}');",
          "err": {},
          "uuid": "a9afc4ea-001a-42aa-8c6a-3e0c47e8222e",
          "parentUUID": "fd6e07e0-6901-4c4d-8892-f92b419127dc",
          "isHook": false,
          "skipped": false
        }
      ],
      "suites": [],
      "passes": [
        "a9afc4ea-001a-42aa-8c6a-3e0c47e8222e"
      ],
      "failures": [],
      "pending": [],
      "skipped": [],
      "duration": 12022,
      "root": true,
      "rootEmpty": false,
      "_timeout": 2000
    }
  ],
  "meta": {
    "mocha": {
      "version": "7.0.1"
    },
    "mochawesome": {
      "options": {
        "quiet": false,
        "reportFilename": "mochawesome",
        "saveHtml": false,
        "saveJson": true,
        "consoleReporter": "spec",
        "useInlineDiffs": false,
        "code": true
      },
      "version": "7.0.1"
    },
    "marge": {
      "options": {
        "charts": true,
        "overwrite": false,
        "html": false,
        "json": true,
        "reportDir": "cypress/report/mochawesome-report"
      },
      "version": "6.0.1"
    }
  }
}