{
  "stats": {
    "suites": 0,
    "tests": 1,
    "passes": 1,
    "pending": 0,
    "failures": 0,
    "start": "2021-11-29T00:25:28.895Z",
    "end": "2021-11-29T00:25:43.365Z",
    "duration": 14470,
    "testsRegistered": 1,
    "passPercent": 100,
    "pendingPercent": 0,
    "other": 0,
    "hasOther": false,
    "skipped": 0,
    "hasSkipped": false
  },
  "results": [
    {
      "uuid": "1b9f9787-0c59-4b2d-8c35-e185153c7ccb",
      "title": "",
      "fullFile": "cypress/integration/my_first_test.js",
      "file": "cypress/integration/my_first_test.js",
      "beforeHooks": [],
      "afterHooks": [],
      "tests": [
        {
          "title": "Search",
          "fullTitle": "Search",
          "timedOut": null,
          "duration": 11707,
          "state": "passed",
          "speed": "slow",
          "pass": true,
          "fail": false,
          "pending": false,
          "context": null,
          "code": "cy.visit('https://youtube.com.au/');\ncy.get('#search-input > #search').type('Automation Testing{enter}'); //cy.contains('Automated').click()",
          "err": {},
          "uuid": "796bc1c8-1761-48df-b49c-929f07c1d22f",
          "parentUUID": "1b9f9787-0c59-4b2d-8c35-e185153c7ccb",
          "isHook": false,
          "skipped": false
        }
      ],
      "suites": [],
      "passes": [
        "796bc1c8-1761-48df-b49c-929f07c1d22f"
      ],
      "failures": [],
      "pending": [],
      "skipped": [],
      "duration": 11707,
      "root": true,
      "rootEmpty": false,
      "_timeout": 2000
    }
  ],
  "meta": {
    "mocha": {
      "version": "7.0.1"
    },
    "mochawesome": {
      "options": {
        "quiet": false,
        "reportFilename": "mochawesome",
        "saveHtml": false,
        "saveJson": true,
        "consoleReporter": "spec",
        "useInlineDiffs": false,
        "code": true
      },
      "version": "7.0.1"
    },
    "marge": {
      "options": {
        "charts": true,
        "overwrite": false,
        "html": false,
        "json": true,
        "reportDir": "cypress/report/mochawesome-report"
      },
      "version": "6.0.1"
    }
  }
}