{
  "stats": {
    "suites": 0,
    "tests": 1,
    "passes": 1,
    "pending": 0,
    "failures": 0,
    "start": "2021-11-29T04:18:56.951Z",
    "end": "2021-11-29T04:19:04.730Z",
    "duration": 7779,
    "testsRegistered": 1,
    "passPercent": 100,
    "pendingPercent": 0,
    "other": 0,
    "hasOther": false,
    "skipped": 0,
    "hasSkipped": false
  },
  "results": [
    {
      "uuid": "ab9172b9-c072-46eb-8076-3e2896e759c2",
      "title": "",
      "fullFile": "cypress/integration/First_File.ts",
      "file": "cypress/integration/First_File.ts",
      "beforeHooks": [],
      "afterHooks": [],
      "tests": [
        {
          "title": "google test",
          "fullTitle": "google test",
          "timedOut": null,
          "duration": 7705,
          "state": "passed",
          "speed": "medium",
          "pass": true,
          "fail": false,
          "pending": false,
          "context": null,
          "code": "cy.visit('https://www.google.com/');\ncy.get('[name=\"q\"]')\n    .type('Automation Step by Step {enter}');",
          "err": {},
          "uuid": "02dc1777-cab8-493c-a367-4c50cf188cd4",
          "parentUUID": "ab9172b9-c072-46eb-8076-3e2896e759c2",
          "isHook": false,
          "skipped": false
        }
      ],
      "suites": [],
      "passes": [
        "02dc1777-cab8-493c-a367-4c50cf188cd4"
      ],
      "failures": [],
      "pending": [],
      "skipped": [],
      "duration": 7705,
      "root": true,
      "rootEmpty": false,
      "_timeout": 2000
    }
  ],
  "meta": {
    "mocha": {
      "version": "7.0.1"
    },
    "mochawesome": {
      "options": {
        "quiet": false,
        "reportFilename": "mochawesome",
        "saveHtml": false,
        "saveJson": true,
        "consoleReporter": "spec",
        "useInlineDiffs": false,
        "code": true
      },
      "version": "7.0.1"
    },
    "marge": {
      "options": {
        "charts": true,
        "overwrite": false,
        "html": false,
        "json": true,
        "reportDir": "cypress/report/mochawesome-report"
      },
      "version": "6.0.1"
    }
  }
}