{
  "stats": {
    "suites": 0,
    "tests": 1,
    "passes": 1,
    "pending": 0,
    "failures": 0,
    "start": "2021-11-29T00:25:00.400Z",
    "end": "2021-11-29T00:25:06.029Z",
    "duration": 5629,
    "testsRegistered": 1,
    "passPercent": 100,
    "pendingPercent": 0,
    "other": 0,
    "hasOther": false,
    "skipped": 0,
    "hasSkipped": false
  },
  "results": [
    {
      "uuid": "3c23a9d2-aa8d-4433-b660-e8855d9e39d4",
      "title": "",
      "fullFile": "cypress/integration/Assertions.ts",
      "file": "cypress/integration/Assertions.ts",
      "beforeHooks": [],
      "afterHooks": [],
      "tests": [
        {
          "title": "Learning Assertions",
          "fullTitle": "Learning Assertions",
          "timedOut": null,
          "duration": 3372,
          "state": "passed",
          "speed": "fast",
          "pass": true,
          "fail": false,
          "pending": false,
          "context": null,
          "code": "cy.visit('https://example.cypress.io/');\ncy.contains('get').click();\ncy.get('#query-btn', { timeout: 6000 })\n    .should('contain', 'Button')\n    .should('have.class', 'query-btn')\n    .should('be.visible');\ncy.get('#query-btn').invoke('attr', 'id')\n    .should('equal', 'query-btn');\ncy.get('#query-btn')\n    .should('contain', 'Button')\n    .and('have.class', 'query-btn');\n//Explicit assertion\n//expect\nexpect(true).to.be.true;\n//let name = 'Komal'\n//expect(name).to.be.('Komal')\nassert.equal(4, 4, 'Not Equal');\nassert.strictEqual(4, 4, 'Not Strictly Equal');",
          "err": {},
          "uuid": "fa1b4fb9-ca83-45f5-86dd-121570d79df1",
          "parentUUID": "3c23a9d2-aa8d-4433-b660-e8855d9e39d4",
          "isHook": false,
          "skipped": false
        }
      ],
      "suites": [],
      "passes": [
        "fa1b4fb9-ca83-45f5-86dd-121570d79df1"
      ],
      "failures": [],
      "pending": [],
      "skipped": [],
      "duration": 3372,
      "root": true,
      "rootEmpty": false,
      "_timeout": 2000
    }
  ],
  "meta": {
    "mocha": {
      "version": "7.0.1"
    },
    "mochawesome": {
      "options": {
        "quiet": false,
        "reportFilename": "mochawesome",
        "saveHtml": false,
        "saveJson": true,
        "consoleReporter": "spec",
        "useInlineDiffs": false,
        "code": true
      },
      "version": "7.0.1"
    },
    "marge": {
      "options": {
        "charts": true,
        "overwrite": false,
        "html": false,
        "json": true,
        "reportDir": "cypress/report/mochawesome-report"
      },
      "version": "6.0.1"
    }
  }
}