{
  "stats": {
    "suites": 0,
    "tests": 1,
    "passes": 1,
    "pending": 0,
    "failures": 0,
    "start": "2021-11-29T02:45:20.318Z",
    "end": "2021-11-29T02:45:30.021Z",
    "duration": 9703,
    "testsRegistered": 1,
    "passPercent": 100,
    "pendingPercent": 0,
    "other": 0,
    "hasOther": false,
    "skipped": 0,
    "hasSkipped": false
  },
  "results": [
    {
      "uuid": "e0946cee-912a-4d59-b6b1-55925b05fbcc",
      "title": "",
      "fullFile": "cypress/integration/First_File.ts",
      "file": "cypress/integration/First_File.ts",
      "beforeHooks": [],
      "afterHooks": [],
      "tests": [
        {
          "title": "google test",
          "fullTitle": "google test",
          "timedOut": null,
          "duration": 9668,
          "state": "passed",
          "speed": "medium",
          "pass": true,
          "fail": false,
          "pending": false,
          "context": null,
          "code": "cy.visit('https://www.google.com/');\ncy.get('[name=\"q\"]')\n    .type('Automation Step by Step {enter}');",
          "err": {},
          "uuid": "8336824d-1f46-42ee-b62d-f27899a7b8ab",
          "parentUUID": "e0946cee-912a-4d59-b6b1-55925b05fbcc",
          "isHook": false,
          "skipped": false
        }
      ],
      "suites": [],
      "passes": [
        "8336824d-1f46-42ee-b62d-f27899a7b8ab"
      ],
      "failures": [],
      "pending": [],
      "skipped": [],
      "duration": 9668,
      "root": true,
      "rootEmpty": false,
      "_timeout": 2000
    }
  ],
  "meta": {
    "mocha": {
      "version": "7.0.1"
    },
    "mochawesome": {
      "options": {
        "quiet": false,
        "reportFilename": "mochawesome",
        "saveHtml": false,
        "saveJson": true,
        "consoleReporter": "spec",
        "useInlineDiffs": false,
        "code": true
      },
      "version": "7.0.1"
    },
    "marge": {
      "options": {
        "charts": true,
        "overwrite": false,
        "html": false,
        "json": true,
        "reportDir": "cypress/report/mochawesome-report"
      },
      "version": "6.0.1"
    }
  }
}